# JRE version: OpenJDK Runtime Environment Temurin-21.0.9+10 (21.0.9+10) (build 21.0.9+10-LTS)
# Java VM: OpenJDK 64-Bit Server VM Temurin-21.0.9+10 (21.0.9+10-LTS, mixed mode, sharing, tiered, compressed oops, compressed class ptrs, parallel gc, windows-amd64)
GC Precious Log:
 CardTable entry size: 512
 CPUs: 12 total, 12 available
 Memory: 16027M
 Large Page Support: Disabled
 NUMA Support: Disabled
 Compressed Oops: Enabled (32-bit)
 Alignments: Space 512K, Generation 512K, Heap 2M
 Heap Min Capacity: 100M
 Heap Initial Capacity: 100M
 Heap Max Capacity: 2G
 Pre-touch: Disabled
 Parallel Workers: 10
Heap:
 PSYoungGen      total 10240K, used 7135K [0x00000000d5580000, 0x00000000d6180000, 0x0000000100000000)
  eden space 8704K, 65% used [0x00000000d5580000,0x00000000d5b17918,0x00000000d5e00000)
  from space 1536K, 91% used [0x00000000d5f00000,0x00000000d60606e0,0x00000000d6080000)
  to   space 1024K, 0% used [0x00000000d6080000,0x00000000d6080000,0x00000000d6180000)
 ParOldGen       total 1200128K, used 1199797K [0x0000000080000000, 0x00000000c9400000, 0x00000000d5580000)
  object space 1200128K, 99% used [0x0000000080000000,0x00000000c93ad448,0x00000000c9400000)
 Metaspace       used 91042K, committed 92544K, reserved 1179648K
  class space    used 8856K, committed 9600K, reserved 1048576K
GC Heap History (20 events):
Event: 75587.223 GC heap before
{Heap before GC invocations=6973 (full 10):
 PSYoungGen      total 9216K, used 8388K [0x00000000d5580000, 0x00000000d6080000, 0x0000000100000000)
  eden space 7680K, 100% used [0x00000000d5580000,0x00000000d5d00000,0x00000000d5d00000)
  from space 1536K, 46% used [0x00000000d5d00000,0x00000000d5db1210,0x00000000d5e80000)
  to   space 1024K, 0% used [0x00000000d5f80000,0x00000000d5f80000,0x00000000d6080000)
 ParOldGen       total 1190912K, used 1190772K [0x0000000080000000, 0x00000000c8b00000, 0x00000000d5580000)
  object space 1190912K, 99% used [0x0000000080000000,0x00000000c8add058,0x00000000c8b00000)
 Metaspace       used 91040K, committed 92544K, reserved 1179648K
  class space    used 8856K, committed 9600K, reserved 1048576K
}
Event: 75587.227 GC heap after
{Heap after GC invocations=6973 (full 10):
 PSYoungGen      total 9216K, used 1012K [0x00000000d5580000, 0x00000000d6280000, 0x0000000100000000)
  eden space 8192K, 0% used [0x00000000d5580000,0x00000000d5580000,0x00000000d5d80000)
  from space 1024K, 98% used [0x00000000d5f80000,0x00000000d607d200,0x00000000d6080000)
  to   space 2048K, 0% used [0x00000000d5d80000,0x00000000d5d80000,0x00000000d5f80000)
 ParOldGen       total 1191424K, used 1191392K [0x0000000080000000, 0x00000000c8b80000, 0x00000000d5580000)
  object space 1191424K, 99% used [0x0000000080000000,0x00000000c8b78298,0x00000000c8b80000)
 Metaspace       used 91040K, committed 92544K, reserved 1179648K
  class space    used 8856K, committed 9600K, reserved 1048576K
}
Event: 75587.240 GC heap before
{Heap before GC invocations=6974 (full 10):
 PSYoungGen      total 9216K, used 9204K [0x00000000d5580000, 0x00000000d6280000, 0x0000000100000000)
  eden space 8192K, 100% used [0x00000000d5580000,0x00000000d5d80000,0x00000000d5d80000)
  from space 1024K, 98% used [0x00000000d5f80000,0x00000000d607d200,0x00000000d6080000)
  to   space 2048K, 0% used [0x00000000d5d80000,0x00000000d5d80000,0x00000000d5f80000)
 ParOldGen       total 1191424K, used 1191392K [0x0000000080000000, 0x00000000c8b80000, 0x00000000d5580000)
  object space 1191424K, 99% used [0x0000000080000000,0x00000000c8b78298,0x00000000c8b80000)
 Metaspace       used 91040K, committed 92544K, reserved 1179648K
  class space    used 8856K, committed 9600K, reserved 1048576K
}
Event: 75587.245 GC heap after
{Heap after GC invocations=6974 (full 10):
 PSYoungGen      total 10240K, used 1306K [0x00000000d5580000, 0x00000000d6280000, 0x0000000100000000)
  eden space 8192K, 0% used [0x00000000d5580000,0x00000000d5580000,0x00000000d5d80000)
  from space 2048K, 63% used [0x00000000d5d80000,0x00000000d5ec6900,0x00000000d5f80000)
  to   space 1536K, 0% used [0x00000000d6100000,0x00000000d6100000,0x00000000d6280000)
 ParOldGen       total 1192448K, used 1192322K [0x0000000080000000, 0x00000000c8c80000, 0x00000000d5580000)
  object space 1192448K, 99% used [0x0000000080000000,0x00000000c8c60970,0x00000000c8c80000)
 Metaspace       used 91040K, committed 92544K, reserved 1179648K
  class space    used 8856K, committed 9600K, reserved 1048576K
}
Event: 75587.255 GC heap before
{Heap before GC invocations=6975 (full 10):
 PSYoungGen      total 10240K, used 9498K [0x00000000d5580000, 0x00000000d6280000, 0x0000000100000000)
  eden space 8192K, 100% used [0x00000000d5580000,0x00000000d5d80000,0x00000000d5d80000)
  from space 2048K, 63% used [0x00000000d5d80000,0x00000000d5ec6900,0x00000000d5f80000)
  to   space 1536K, 0% used [0x00000000d6100000,0x00000000d6100000,0x00000000d6280000)
 ParOldGen       total 1192448K, used 1192322K [0x0000000080000000, 0x00000000c8c80000, 0x00000000d5580000)
  object space 1192448K, 99% used [0x0000000080000000,0x00000000c8c60970,0x00000000c8c80000)
 Metaspace       used 91040K, committed 92544K, reserved 1179648K
  class space    used 8856K, committed 9600K, reserved 1048576K
}
Event: 75587.258 GC heap after
{Heap after GC invocations=6975 (full 10):
 PSYoungGen      total 11776K, used 992K [0x00000000d5580000, 0x00000000d6280000, 0x0000000100000000)
  eden space 10240K, 0% used [0x00000000d5580000,0x00000000d5580000,0x00000000d5f80000)
  from space 1536K, 64% used [0x00000000d6100000,0x00000000d61f8000,0x00000000d6280000)
  to   space 1536K, 0% used [0x00000000d5f80000,0x00000000d5f80000,0x00000000d6100000)
 ParOldGen       total 1193984K, used 1193493K [0x0000000080000000, 0x00000000c8e00000, 0x00000000d5580000)
  object space 1193984K, 99% used [0x0000000080000000,0x00000000c8d857e8,0x00000000c8e00000)
 Metaspace       used 91040K, committed 92544K, reserved 1179648K
  class space    used 8856K, committed 9600K, reserved 1048576K
}
Event: 75588.248 GC heap before
{Heap before GC invocations=6976 (full 10):
 PSYoungGen      total 11776K, used 11232K [0x00000000d5580000, 0x00000000d6280000, 0x0000000100000000)
  eden space 10240K, 100% used [0x00000000d5580000,0x00000000d5f80000,0x00000000d5f80000)
  from space 1536K, 64% used [0x00000000d6100000,0x00000000d61f8000,0x00000000d6280000)
  to   space 1536K, 0% used [0x00000000d5f80000,0x00000000d5f80000,0x00000000d6100000)
 ParOldGen       total 1193984K, used 1193493K [0x0000000080000000, 0x00000000c8e00000, 0x00000000d5580000)
  object space 1193984K, 99% used [0x0000000080000000,0x00000000c8d857e8,0x00000000c8e00000)
 Metaspace       used 91040K, committed 92544K, reserved 1179648K
  class space    used 8856K, committed 9600K, reserved 1048576K
}
Event: 75588.253 GC heap after
{Heap after GC invocations=6976 (full 10):
 PSYoungGen      total 11776K, used 1348K [0x00000000d5580000, 0x00000000d6280000, 0x0000000100000000)
  eden space 10240K, 0% used [0x00000000d5580000,0x00000000d5580000,0x00000000d5f80000)
  from space 1536K, 87% used [0x00000000d5f80000,0x00000000d60d1210,0x00000000d6100000)
  to   space 1536K, 0% used [0x00000000d6100000,0x00000000d6100000,0x00000000d6280000)
 ParOldGen       total 1194496K, used 1194310K [0x0000000080000000, 0x00000000c8e80000, 0x00000000d5580000)
  object space 1194496K, 99% used [0x0000000080000000,0x00000000c8e51888,0x00000000c8e80000)
 Metaspace       used 91040K, committed 92544K, reserved 1179648K
  class space    used 8856K, committed 9600K, reserved 1048576K
}
Event: 75588.263 GC heap before
{Heap before GC invocations=6977 (full 10):
 PSYoungGen      total 11776K, used 11588K [0x00000000d5580000, 0x00000000d6280000, 0x0000000100000000)
  eden space 10240K, 100% used [0x00000000d5580000,0x00000000d5f80000,0x00000000d5f80000)
  from space 1536K, 87% used [0x00000000d5f80000,0x00000000d60d1210,0x00000000d6100000)
  to   space 1536K, 0% used [0x00000000d6100000,0x00000000d6100000,0x00000000d6280000)
 ParOldGen       total 1194496K, used 1194310K [0x0000000080000000, 0x00000000c8e80000, 0x00000000d5580000)
  object space 1194496K, 99% used [0x0000000080000000,0x00000000c8e51888,0x00000000c8e80000)
 Metaspace       used 91040K, committed 92544K, reserved 1179648K
  class space    used 8856K, committed 9600K, reserved 1048576K
}
Event: 75588.265 GC heap after
{Heap after GC invocations=6977 (full 10):
 PSYoungGen      total 10240K, used 1508K [0x00000000d5580000, 0x00000000d6580000, 0x0000000100000000)
  eden space 8704K, 0% used [0x00000000d5580000,0x00000000d5580000,0x00000000d5e00000)
  from space 1536K, 98% used [0x00000000d6100000,0x00000000d6279210,0x00000000d6280000)
  to   space 3072K, 0% used [0x00000000d5e00000,0x00000000d5e00000,0x00000000d6100000)
 ParOldGen       total 1195520K, used 1195505K [0x0000000080000000, 0x00000000c8f80000, 0x00000000d5580000)
  object space 1195520K, 99% used [0x0000000080000000,0x00000000c8f7c700,0x00000000c8f80000)
 Metaspace       used 91040K, committed 92544K, reserved 1179648K
  class space    used 8856K, committed 9600K, reserved 1048576K
}
Event: 75588.276 GC heap before
{Heap before GC invocations=6978 (full 10):
 PSYoungGen      total 10240K, used 10212K [0x00000000d5580000, 0x00000000d6580000, 0x0000000100000000)
  eden space 8704K, 100% used [0x00000000d5580000,0x00000000d5e00000,0x00000000d5e00000)
  from space 1536K, 98% used [0x00000000d6100000,0x00000000d6279210,0x00000000d6280000)
  to   space 3072K, 0% used [0x00000000d5e00000,0x00000000d5e00000,0x00000000d6100000)
 ParOldGen       total 1195520K, used 1195505K [0x0000000080000000, 0x00000000c8f80000, 0x00000000d5580000)
  object space 1195520K, 99% used [0x0000000080000000,0x00000000c8f7c700,0x00000000c8f80000)
 Metaspace       used 91040K, committed 92544K, reserved 1179648K
  class space    used 8856K, committed 9600K, reserved 1048576K
}
Event: 75588.279 GC heap after
{Heap after GC invocations=6978 (full 10):
 PSYoungGen      total 10240K, used 1088K [0x00000000d5580000, 0x00000000d6200000, 0x0000000100000000)
  eden space 8704K, 0% used [0x00000000d5580000,0x00000000d5580000,0x00000000d5e00000)
  from space 1536K, 70% used [0x00000000d5e00000,0x00000000d5f10000,0x00000000d5f80000)
  to   space 2048K, 0% used [0x00000000d6000000,0x00000000d6000000,0x00000000d6200000)
 ParOldGen       total 1197056K, used 1196921K [0x0000000080000000, 0x00000000c9100000, 0x00000000d5580000)
  object space 1197056K, 99% used [0x0000000080000000,0x00000000c90de588,0x00000000c9100000)
 Metaspace       used 91040K, committed 92544K, reserved 1179648K
  class space    used 8856K, committed 9600K, reserved 1048576K
}
Event: 75589.274 GC heap before
{Heap before GC invocations=6979 (full 10):
 PSYoungGen      total 10240K, used 9792K [0x00000000d5580000, 0x00000000d6200000, 0x0000000100000000)
  eden space 8704K, 100% used [0x00000000d5580000,0x00000000d5e00000,0x00000000d5e00000)
  from space 1536K, 70% used [0x00000000d5e00000,0x00000000d5f10000,0x00000000d5f80000)
  to   space 2048K, 0% used [0x00000000d6000000,0x00000000d6000000,0x00000000d6200000)
 ParOldGen       total 1197056K, used 1196921K [0x0000000080000000, 0x00000000c9100000, 0x00000000d5580000)
  object space 1197056K, 99% used [0x0000000080000000,0x00000000c90de588,0x00000000c9100000)
 Metaspace       used 91040K, committed 92544K, reserved 1179648K
  class space    used 8856K, committed 9600K, reserved 1048576K
}
Event: 75589.278 GC heap after
{Heap after GC invocations=6979 (full 10):
 PSYoungGen      total 9728K, used 884K [0x00000000d5580000, 0x00000000d6100000, 0x0000000100000000)
  eden space 8704K, 0% used [0x00000000d5580000,0x00000000d5580000,0x00000000d5e00000)
  from space 1024K, 86% used [0x00000000d6000000,0x00000000d60dd200,0x00000000d6100000)
  to   space 1536K, 0% used [0x00000000d5e00000,0x00000000d5e00000,0x00000000d5f80000)
 ParOldGen       total 1198080K, used 1197823K [0x0000000080000000, 0x00000000c9200000, 0x00000000d5580000)
  object space 1198080K, 99% used [0x0000000080000000,0x00000000c91bfd68,0x00000000c9200000)
 Metaspace       used 91040K, committed 92544K, reserved 1179648K
  class space    used 8856K, committed 9600K, reserved 1048576K
}
Event: 75589.290 GC heap before
{Heap before GC invocations=6980 (full 10):
 PSYoungGen      total 9728K, used 9588K [0x00000000d5580000, 0x00000000d6100000, 0x0000000100000000)
  eden space 8704K, 100% used [0x00000000d5580000,0x00000000d5e00000,0x00000000d5e00000)
  from space 1024K, 86% used [0x00000000d6000000,0x00000000d60dd200,0x00000000d6100000)
  to   space 1536K, 0% used [0x00000000d5e00000,0x00000000d5e00000,0x00000000d5f80000)
 ParOldGen       total 1198080K, used 1197823K [0x0000000080000000, 0x00000000c9200000, 0x00000000d5580000)
  object space 1198080K, 99% used [0x0000000080000000,0x00000000c91bfd68,0x00000000c9200000)
 Metaspace       used 91040K, committed 92544K, reserved 1179648K
  class space    used 8856K, committed 9600K, reserved 1048576K
}
Event: 75589.294 GC heap after
{Heap after GC invocations=6980 (full 10):
 PSYoungGen      total 10240K, used 1505K [0x00000000d5580000, 0x00000000d6400000, 0x0000000100000000)
  eden space 8704K, 0% used [0x00000000d5580000,0x00000000d5580000,0x00000000d5e00000)
  from space 1536K, 98% used [0x00000000d5e00000,0x00000000d5f786e0,0x00000000d5f80000)
  to   space 3072K, 0% used [0x00000000d6100000,0x00000000d6100000,0x00000000d6400000)
 ParOldGen       total 1199104K, used 1198645K [0x0000000080000000, 0x00000000c9300000, 0x00000000d5580000)
  object space 1199104K, 99% used [0x0000000080000000,0x00000000c928d440,0x00000000c9300000)
 Metaspace       used 91040K, committed 92544K, reserved 1179648K
  class space    used 8856K, committed 9600K, reserved 1048576K
}
Event: 75589.304 GC heap before
{Heap before GC invocations=6981 (full 10):
 PSYoungGen      total 10240K, used 10209K [0x00000000d5580000, 0x00000000d6400000, 0x0000000100000000)
  eden space 8704K, 100% used [0x00000000d5580000,0x00000000d5e00000,0x00000000d5e00000)
  from space 1536K, 98% used [0x00000000d5e00000,0x00000000d5f786e0,0x00000000d5f80000)
  to   space 3072K, 0% used [0x00000000d6100000,0x00000000d6100000,0x00000000d6400000)
 ParOldGen       total 1199104K, used 1198645K [0x0000000080000000, 0x00000000c9300000, 0x00000000d5580000)
  object space 1199104K, 99% used [0x0000000080000000,0x00000000c928d440,0x00000000c9300000)
 Metaspace       used 91040K, committed 92544K, reserved 1179648K
  class space    used 8856K, committed 9600K, reserved 1048576K
}
Event: 75589.307 GC heap after
{Heap after GC invocations=6981 (full 10):
 PSYoungGen      total 9728K, used 826K [0x00000000d5580000, 0x00000000d6200000, 0x0000000100000000)
  eden space 8704K, 0% used [0x00000000d5580000,0x00000000d5580000,0x00000000d5e00000)
  from space 1024K, 80% used [0x00000000d6100000,0x00000000d61ce900,0x00000000d6200000)
  to   space 1536K, 0% used [0x00000000d5f00000,0x00000000d5f00000,0x00000000d6080000)
 ParOldGen       total 1199104K, used 1199054K [0x0000000080000000, 0x00000000c9300000, 0x00000000d5580000)
  object space 1199104K, 99% used [0x0000000080000000,0x00000000c92f38f8,0x00000000c9300000)
 Metaspace       used 91040K, committed 92544K, reserved 1179648K
  class space    used 8856K, committed 9600K, reserved 1048576K
}
Event: 75589.317 GC heap before
{Heap before GC invocations=6982 (full 10):
 PSYoungGen      total 9728K, used 9530K [0x00000000d5580000, 0x00000000d6200000, 0x0000000100000000)
  eden space 8704K, 100% used [0x00000000d5580000,0x00000000d5e00000,0x00000000d5e00000)
  from space 1024K, 80% used [0x00000000d6100000,0x00000000d61ce900,0x00000000d6200000)
  to   space 1536K, 0% used [0x00000000d5f00000,0x00000000d5f00000,0x00000000d6080000)
 ParOldGen       total 1199104K, used 1199054K [0x0000000080000000, 0x00000000c9300000, 0x00000000d5580000)
  object space 1199104K, 99% used [0x0000000080000000,0x00000000c92f38f8,0x00000000c9300000)
 Metaspace       used 91042K, committed 92544K, reserved 1179648K
  class space    used 8856K, committed 9600K, reserved 1048576K
}
Event: 75589.321 GC heap after
{Heap after GC invocations=6982 (full 10):
 PSYoungGen      total 10240K, used 1409K [0x00000000d5580000, 0x00000000d6180000, 0x0000000100000000)
  eden space 8704K, 0% used [0x00000000d5580000,0x00000000d5580000,0x00000000d5e00000)
  from space 1536K, 91% used [0x00000000d5f00000,0x00000000d60606e0,0x00000000d6080000)
  to   space 1024K, 0% used [0x00000000d6080000,0x00000000d6080000,0x00000000d6180000)
 ParOldGen       total 1200128K, used 1199797K [0x0000000080000000, 0x00000000c9400000, 0x00000000d5580000)
  object space 1200128K, 99% used [0x0000000080000000,0x00000000c93ad448,0x00000000c9400000)
 Metaspace       used 91042K, committed 92544K, reserved 1179648K
  class space    used 8856K, committed 9600K, reserved 1048576K
}

